<?xml version="1.0" encoding="UTF-8"?>
<!-- Generated by org.testng.reporters.JUnitXMLReporter -->
<testsuite ignored="0" hostname="Shriniwas_PC" failures="2" tests="2" name="Test" time="0.113" errors="0" timestamp="2024-05-20T07:18:28 IST">
  <testcase classname="pom_test.LoginTest" name="LoginToHRM" time="0.01">
    <failure type="java.lang.NullPointerException" message="Cannot invoke &amp;quot;org.openqa.selenium.WebDriver.manage()&amp;quot; because &amp;quot;this.driver&amp;quot; is null">
      <![CDATA[java.lang.NullPointerException: Cannot invoke "org.openqa.selenium.WebDriver.manage()" because "this.driver" is null
at pom_pages.LoginPage.loginToApp(LoginPage.java:32)
at pom_test.LoginTest.LoginToHRM(LoginTest.java:11)
at java.base/java.util.ArrayList.forEach(ArrayList.java:1511)
... Removed 25 stack frames]]>
    </failure>
  </testcase> <!-- LoginToHRM -->
  <testcase classname="pom_test.LoginTest" name="verifyURL" time="0.003">
    <failure type="java.lang.NullPointerException" message="Cannot invoke &amp;quot;org.openqa.selenium.WebDriver.getCurrentUrl()&amp;quot; because &amp;quot;this.driver&amp;quot; is null">
      <![CDATA[java.lang.NullPointerException: Cannot invoke "org.openqa.selenium.WebDriver.getCurrentUrl()" because "this.driver" is null
at pom_pages.LoginPage.getUrl(LoginPage.java:42)
at pom_test.LoginTest.verifyURL(LoginTest.java:17)
at java.base/java.util.ArrayList.forEach(ArrayList.java:1511)
... Removed 25 stack frames]]>
    </failure>
  </testcase> <!-- verifyURL -->
</testsuite> <!-- Test -->
